On branch master

No commits yet

Changes to be committed:
  (use "git rm --cached <file>..." to unstage)
	new file:   .vscode/settings.json
	new file:   QtDebugger/Makefile
	new file:   README
	new file:   RobocupSSL_wsp.mk
	new file:   Strategy/Core/attacker.hpp
	new file:   Strategy/Core/beliefState.cpp
	new file:   Strategy/Core/beliefState.h
	new file:   Strategy/Core/client.cpp
	new file:   Strategy/Core/client.h
	new file:   Strategy/Core/command-packet.pb.cc
	new file:   Strategy/Core/command-packet.pb.h
	new file:   Strategy/Core/defender.hpp
	new file:   Strategy/Core/game.h
	new file:   Strategy/Core/game.hpp
	new file:   Strategy/Core/goalkeeper.hpp
	new file:   Strategy/Core/refBoxThread.cpp
	new file:   Strategy/Core/refBoxThread.h
	new file:   Strategy/Core/simpler.hpp
	new file:   Strategy/Core/skills.hpp
	new file:   Strategy/Core/strategygui_thread.cpp
	new file:   Strategy/Core/strategygui_thread.hpp
	new file:   Strategy/Core/tester.hpp
	new file:   Strategy/Core/visionThread.cpp
	new file:   Strategy/Core/visionThread.h
	new file:   Strategy/Core/worker.hpp
	new file:   Strategy/Debug/cpp_command.pb.o
	new file:   Strategy/Debug/cpp_command.pb.o.d
	new file:   Strategy/Debug/cpp_common.pb.o
	new file:   Strategy/Debug/cpp_common.pb.o.d
	new file:   Strategy/Debug/cpp_packet.pb.o
	new file:   Strategy/Debug/cpp_packet.pb.o.d
	new file:   Strategy/Debug/cpp_replacement.pb.o
	new file:   Strategy/Debug/cpp_replacement.pb.o.d
	new file:   Strategy/Debug/dlib_source.o
	new file:   Strategy/HAL/comm.cpp
	new file:   Strategy/HAL/comm.h
	new file:   Strategy/HAL/fira_comm.cpp
	new file:   Strategy/HAL/fira_comm.h
	new file:   Strategy/HAL/firasim.cpp
	new file:   Strategy/HAL/firasim.h
	new file:   Strategy/HAL/grSimComm.cpp
	new file:   Strategy/HAL/grSimComm.h
	new file:   Strategy/Plays/core/expPS.cpp
	new file:   Strategy/Plays/core/expPS.h
	new file:   Strategy/Plays/core/naivePS.cpp
	new file:   Strategy/Plays/core/naivePS.h
	new file:   Strategy/Plays/core/pExec.cpp
	new file:   Strategy/Plays/core/pExec.h
	new file:   Strategy/Plays/core/play.hpp
	new file:   Strategy/Plays/core/playBook.cpp
	new file:   Strategy/Plays/core/playBook.h
	new file:   Strategy/Plays/core/ps.cpp
	new file:   Strategy/Plays/core/ps.h
	new file:   Strategy/Plays/playbook/pDefense1.hpp
	new file:   Strategy/Plays/playbook/pDefense2.hpp
	new file:   Strategy/Plays/playbook/pKickoff.hpp
	new file:   Strategy/Plays/playbook/pNone.hpp
	new file:   Strategy/Plays/playbook/pOffense1.hpp
	new file:   Strategy/Plays/playbook/pOffense2.hpp
	new file:   Strategy/Plays/playbook/pOppFreeBall.hpp
	new file:   Strategy/Plays/playbook/pOppFreeKick.hpp
	new file:   Strategy/Plays/playbook/pOppGoalKick.hpp
	new file:   Strategy/Plays/playbook/pOurFreeBall.hpp
	new file:   Strategy/Plays/playbook/pOurFreeKick.hpp
	new file:   Strategy/Plays/playbook/pOurGoalKick.hpp
	new file:   Strategy/Plays/playbook/pPenaltyOpp.hpp
	new file:   Strategy/Plays/playbook/pPenaltyOur.hpp
	new file:   Strategy/Plays/playbook/pPositionGather.hpp
	new file:   Strategy/Plays/playbook/pPositionOppFreeBall.hpp
	new file:   Strategy/Plays/playbook/pPositionOppFreeKick.hpp
	new file:   Strategy/Plays/playbook/pPositionOppGoalKick.hpp
	new file:   Strategy/Plays/playbook/pPositionOppKickoff.hpp
	new file:   Strategy/Plays/playbook/pPositionOppPenalty.hpp
	new file:   Strategy/Plays/playbook/pPositionOurFreeBall.hpp
	new file:   Strategy/Plays/playbook/pPositionOurFreeKick.hpp
	new file:   Strategy/Plays/playbook/pPositionOurGoalKick.hpp
	new file:   Strategy/Plays/playbook/pPositionOurKickoff.hpp
	new file:   Strategy/Plays/playbook/pPositionOurPenalty.hpp
	new file:   Strategy/Plays/playbook/pPositionOurStrike.hpp
	new file:   Strategy/Plays/playbook/pSetPosition.hpp
	new file:   Strategy/Plays/playbook/pStop.hpp
	new file:   Strategy/Plays/playbook/pSuperDefense.hpp
	new file:   Strategy/Plays/playbook/pSuperOffense.hpp
	new file:   Strategy/Plays/playbook/pTakeGoalKick.hpp
	new file:   Strategy/Plays/playbook/pTestPlay.hpp
	new file:   Strategy/Skills/alglib/alglibinternal.cpp
	new file:   Strategy/Skills/alglib/alglibinternal.h
	new file:   Strategy/Skills/alglib/alglibmisc.cpp
	new file:   Strategy/Skills/alglib/alglibmisc.h
	new file:   Strategy/Skills/alglib/ap.cpp
	new file:   Strategy/Skills/alglib/ap.h
	new file:   Strategy/Skills/alglib/dataanalysis.cpp
	new file:   Strategy/Skills/alglib/dataanalysis.h
	new file:   Strategy/Skills/alglib/diffequations.cpp
	new file:   Strategy/Skills/alglib/diffequations.h
	new file:   Strategy/Skills/alglib/fasttransforms.cpp
	new file:   Strategy/Skills/alglib/fasttransforms.h
	new file:   Strategy/Skills/alglib/integration.cpp
	new file:   Strategy/Skills/alglib/integration.h
	new file:   Strategy/Skills/alglib/interpolation.cpp
	new file:   Strategy/Skills/alglib/interpolation.h
	new file:   Strategy/Skills/alglib/kernels_avx2.cpp
	new file:   Strategy/Skills/alglib/kernels_avx2.h
	new file:   Strategy/Skills/alglib/kernels_fma.cpp
	new file:   Strategy/Skills/alglib/kernels_fma.h
	new file:   Strategy/Skills/alglib/kernels_sse2.cpp
	new file:   Strategy/Skills/alglib/kernels_sse2.h
	new file:   Strategy/Skills/alglib/linalg.cpp
	new file:   Strategy/Skills/alglib/linalg.h
	new file:   Strategy/Skills/alglib/optimization.cpp
	new file:   Strategy/Skills/alglib/optimization.h
	new file:   Strategy/Skills/alglib/solvers.cpp
	new file:   Strategy/Skills/alglib/solvers.h
	new file:   Strategy/Skills/alglib/specialfunctions.cpp
	new file:   Strategy/Skills/alglib/specialfunctions.h
	new file:   Strategy/Skills/alglib/statistics.cpp
	new file:   Strategy/Skills/alglib/statistics.h
	new file:   Strategy/Skills/alglib/stdafx.h
	new file:   Strategy/Skills/arclength-param.cpp
	new file:   Strategy/Skills/arclength-param.hpp
	new file:   Strategy/Skills/ballinterception.cpp
	new file:   Strategy/Skills/collision-checking.cpp
	new file:   Strategy/Skills/collision-checking.h
	new file:   Strategy/Skills/controller-wrapper.cpp
	new file:   Strategy/Skills/controller-wrapper.hpp
	new file:   Strategy/Skills/controllers.cpp
	new file:   Strategy/Skills/controllers.h
	new file:   Strategy/Skills/pose.cpp
	new file:   Strategy/Skills/pose.h
	new file:   Strategy/Skills/sChargeBall.cpp
	new file:   Strategy/Skills/sDWGoToPoint.cpp
	new file:   Strategy/Skills/sDefendPoint.cpp
	new file:   Strategy/Skills/sGoBehindBall.cpp
	new file:   Strategy/Skills/sGoToBall.cpp
	new file:   Strategy/Skills/sGoToPoint.cpp
	new file:   Strategy/Skills/sSpin.cpp
	new file:   Strategy/Skills/sSplineGoToPoint.cpp
	new file:   Strategy/Skills/sStop.cpp
	new file:   Strategy/Skills/sTurnToAngle.cpp
	new file:   Strategy/Skills/sVelocity.cpp
	new file:   Strategy/Skills/skillSet.cpp
	new file:   Strategy/Skills/skillSet.h
	new file:   Strategy/Skills/splines.cpp
	new file:   Strategy/Skills/splines.hpp
	new file:   Strategy/Skills/tracking.cpp
	new file:   Strategy/Skills/tracking.hpp
	new file:   Strategy/Skills/trajectory-drawing.cpp
	new file:   Strategy/Skills/trajectory-drawing.hpp
	new file:   Strategy/Skills/trajectory-generators.cpp
	new file:   Strategy/Skills/trajectory.cpp
	new file:   Strategy/Skills/trajectory.hpp
	new file:   Strategy/Skills/velocity-profile.cpp
	new file:   Strategy/Skills/velocity-profile.hpp
	new file:   Strategy/Strategy.mk
	new file:   Strategy/Tactics/Testbotrace.hpp
	new file:   Strategy/Tactics/TestgoToPoint.hpp
	new file:   Strategy/Tactics/robot.cpp
	new file:   Strategy/Tactics/robot.h
	new file:   Strategy/Tactics/tAttack.hpp
	new file:   Strategy/Tactics/tAttack2015.hpp
	new file:   Strategy/Tactics/tAttackDuo.hpp
	new file:   Strategy/Tactics/tAttackSpline.hpp
	new file:   Strategy/Tactics/tBackup.hpp
	new file:   Strategy/Tactics/tBlock.hpp
	new file:   Strategy/Tactics/tCharge.hpp
	new file:   Strategy/Tactics/tCoverGoal.hpp
	new file:   Strategy/Tactics/tCoverGoal2015.hpp
	new file:   Strategy/Tactics/tCoverGoalPairLeft.hpp
	new file:   Strategy/Tactics/tCoverGoalPairRight.hpp
	new file:   Strategy/Tactics/tDWDefender.hpp
	new file:   Strategy/Tactics/tDWDefender2015.hpp
	new file:   Strategy/Tactics/tDefend.hpp
	new file:   Strategy/Tactics/tDefendLine.hpp
	new file:   Strategy/Tactics/tDefendPoint.hpp
	new file:   Strategy/Tactics/tDefender2.hpp
	new file:   Strategy/Tactics/tExec.cpp
	new file:   Strategy/Tactics/tExec.h
	new file:   Strategy/Tactics/tGoalKeepingOurSide.hpp
	new file:   Strategy/Tactics/tGoalKeepingOurSide2015.hpp
	new file:   Strategy/Tactics/tGoalKick.hpp
	new file:   Strategy/Tactics/tKickoff.hpp
	new file:   Strategy/Tactics/tPass.hpp
	new file:   Strategy/Tactics/tPosition.hpp
	new file:   Strategy/Tactics/tReceiveBall.hpp
	new file:   Strategy/Tactics/tReceiveBall2015.hpp
	new file:   Strategy/Tactics/tReceiveSpline.hpp
	new file:   Strategy/Tactics/tShoot.hpp
	new file:   Strategy/Tactics/tStop.hpp
	new file:   Strategy/Tactics/tSupportAttack2015.hpp
	new file:   Strategy/Tactics/tVelocity.hpp
	new file:   Strategy/Tactics/tactic.cpp
	new file:   Strategy/Tactics/tactic.h
	new file:   Strategy/Tactics/tactic2.h
	new file:   Strategy/Tactics/tinclude.h
	new file:   Strategy/Utils/LocalAvoidance.cpp
	new file:   Strategy/Utils/comdef.cpp
	new file:   Strategy/Utils/comdef.h
	new file:   Strategy/Utils/intersection.cpp
	new file:   Strategy/Utils/intersection.hpp
	new file:   Strategy/Utils/kalman.cpp
	new file:   Strategy/Utils/kalman.h
	new file:   Strategy/Utils/mergeSCurve.cpp
	new file:   Strategy/Utils/naivePathPlanner.cpp
	new file:   Strategy/Utils/pathPlanners.h
	new file:   Strategy/Utils/sCurve.cpp
	new file:   Strategy/kalman.log
	new file:   Strategy/main.cpp
	new file:   Strategy/mainheaders.hpp
	new file:   Strategy/out.log
	new file:   Strategy/qtDebugger/main_widget.cpp
	new file:   Strategy/qtDebugger/main_widget.h
	new file:   Strategy/qtDebugger/main_widget.moc.cpp
	new file:   Strategy/qtDebugger/qtDebuggerMain.cpp
	new file:   Strategy/qtDebugger/qtDebuggerMain.h
	new file:   Strategy/qtDebugger/render_area.cpp
	new file:   Strategy/qtDebugger/render_area.h
	new file:   Strategy/qtDebugger/render_area.moc.cpp
	new file:   Strategy/sSplineInterceptBall.cpp
	new file:   Strategy/sgfilter.cpp
	new file:   Strategy/sgfilter.h
	new file:   Strategy/tGoalie2.hpp
	new file:   Strategy/timelog.log
	new file:   Strategy/trans.log
	new file:   common/dlib
	new file:   common/gpb/proto/command.proto
	new file:   common/gpb/proto/common.proto
	new file:   common/gpb/proto/compile.sh
	new file:   common/gpb/proto/cpp/command.pb.cc
	new file:   common/gpb/proto/cpp/command.pb.h
	new file:   common/gpb/proto/cpp/common.pb.cc
	new file:   common/gpb/proto/cpp/common.pb.h
	new file:   common/gpb/proto/cpp/grSim_Commands.pb.cc
	new file:   common/gpb/proto/cpp/grSim_Commands.pb.h
	new file:   common/gpb/proto/cpp/grSim_Packet.pb.cc
	new file:   common/gpb/proto/cpp/grSim_Packet.pb.h
	new file:   common/gpb/proto/cpp/grSim_Replacement.pb.cc
	new file:   common/gpb/proto/cpp/grSim_Replacement.pb.h
	new file:   common/gpb/proto/cpp/messages_robocup_ssl_detection.pb.cc
	new file:   common/gpb/proto/cpp/messages_robocup_ssl_detection.pb.h
	new file:   common/gpb/proto/cpp/messages_robocup_ssl_geometry.pb.cc
	new file:   common/gpb/proto/cpp/messages_robocup_ssl_geometry.pb.h
	new file:   common/gpb/proto/cpp/messages_robocup_ssl_refbox_log.pb.cc
	new file:   common/gpb/proto/cpp/messages_robocup_ssl_refbox_log.pb.h
	new file:   common/gpb/proto/cpp/messages_robocup_ssl_wrapper.pb.cc
	new file:   common/gpb/proto/cpp/messages_robocup_ssl_wrapper.pb.h
	new file:   common/gpb/proto/cpp/packet.pb.cc
	new file:   common/gpb/proto/cpp/packet.pb.h
	new file:   common/gpb/proto/cpp/replacement.pb.cc
	new file:   common/gpb/proto/cpp/replacement.pb.h
	new file:   common/gpb/proto/cpp/sslDebug_Data.pb.cc
	new file:   common/gpb/proto/cpp/sslDebug_Data.pb.h
	new file:   common/gpb/proto/grSim_Commands.proto
	new file:   common/gpb/proto/grSim_Packet.proto
	new file:   common/gpb/proto/grSim_Replacement.proto
	new file:   common/gpb/proto/messages_robocup_ssl_detection.proto
	new file:   common/gpb/proto/messages_robocup_ssl_geometry.proto
	new file:   common/gpb/proto/messages_robocup_ssl_refbox_log.proto
	new file:   common/gpb/proto/messages_robocup_ssl_wrapper.proto
	new file:   common/gpb/proto/packet.proto
	new file:   common/gpb/proto/replacement.proto
	new file:   common/gpb/proto/sslDebug_Data.proto
	new file:   common/include/SSLVisionClient.h
	new file:   common/include/Socket.h
	new file:   common/include/config.cpp
	new file:   common/include/config.h
	new file:   common/include/cs.hpp
	new file:   common/include/geometry.hpp
	new file:   common/include/logger.h
	new file:   common/include/netraw.h
	new file:   common/include/randGenerator.h
	new file:   common/include/rbCommDef.h
	new file:   common/include/sem.h
	new file:   common/include/serial.h
	new file:   common/include/server.h
	new file:   common/include/shmem.h
	new file:   common/include/thread.h
	new file:   common/include/timer.h
	new file:   common/include/util.h
	new file:   common/include/vld.h
	new file:   common/include/xmlParser.h
	new file:   common/src/logger.cpp
	new file:   common/src/netraw.cpp
	new file:   common/src/sem.cpp
	new file:   common/src/serial.cpp
	new file:   common/src/shmem.cpp
	new file:   common/src/socket.cpp
	new file:   common/src/thread.cpp
	new file:   common/src/xmlParser.cpp
	new file:   grSim/.qmake.stash
	new file:   grSim/AUTHORS
	new file:   grSim/Graphics/Wheel.png
	new file:   grSim/Graphics/b1.bmp
	new file:   grSim/Graphics/b2.bmp
	new file:   grSim/Graphics/b3.bmp
	new file:   grSim/Graphics/b4.bmp
	new file:   grSim/Graphics/b5.bmp
	new file:   grSim/Graphics/graphics.cpp
	new file:   grSim/Graphics/graphics.h
	new file:   grSim/Graphics/grass001.bmp
	new file:   grSim/Graphics/ground.ppm
	new file:   grSim/Graphics/parsian.bmp
	new file:   grSim/Graphics/parsian.png
	new file:   grSim/Graphics/qt.png
	new file:   grSim/Graphics/sky.ppm
	new file:   grSim/Graphics/sky/neg_x.bmp
	new file:   grSim/Graphics/sky/neg_y.bmp
	new file:   grSim/Graphics/sky/neg_z.bmp
	new file:   grSim/Graphics/sky/pos_x.bmp
	new file:   grSim/Graphics/sky/pos_y.bmp
	new file:   grSim/Graphics/sky/pos_z.bmp
	new file:   grSim/Graphics/y1.bmp
	new file:   grSim/Graphics/y2.bmp
	new file:   grSim/Graphics/y3.bmp
	new file:   grSim/Graphics/y4.bmp
	new file:   grSim/Graphics/y5.bmp
	new file:   grSim/LICENCE
	new file:   grSim/Makefile
	new file:   grSim/Physics/pball.cpp
	new file:   grSim/Physics/pball.h
	new file:   grSim/Physics/pbox.cpp
	new file:   grSim/Physics/pbox.h
	new file:   grSim/Physics/pcylinder.cpp
	new file:   grSim/Physics/pcylinder.h
	new file:   grSim/Physics/pfixedbox.cpp
	new file:   grSim/Physics/pfixedbox.h
	new file:   grSim/Physics/pground.cpp
	new file:   grSim/Physics/pground.h
	new file:   grSim/Physics/pobject.cpp
	new file:   grSim/Physics/pobject.h
	new file:   grSim/Physics/pray.cpp
	new file:   grSim/Physics/pray.h
	new file:   grSim/Physics/pworld.cpp
	new file:   grSim/Physics/pworld.h
	new file:   grSim/README
	new file:   grSim/Simulator.pro
	new file:   grSim/client/client.pro
	new file:   grSim/client/main.cpp
	new file:   grSim/client/mainwindow.cpp
	new file:   grSim/client/mainwindow.h
	new file:   grSim/config/Parsian.ini
	new file:   grSim/config/ParsianNew.ini
	new file:   grSim/configwidget.cpp
	new file:   grSim/configwidget.h
	new file:   grSim/getpositionwidget.cpp
	new file:   grSim/getpositionwidget.h
	new file:   grSim/glwidget.cpp
	new file:   grSim/glwidget.h
	new file:   grSim/graphicaldebugger.cpp
	new file:   grSim/graphicaldebugger.h
	new file:   grSim/include/VarTypes/VarBase64.h
	new file:   grSim/include/VarTypes/VarNotifier.h
	new file:   grSim/include/VarTypes/VarTypes.h
	new file:   grSim/include/VarTypes/VarTypesFactory.h
	new file:   grSim/include/VarTypes/VarTypesInstance.h
	new file:   grSim/include/VarTypes/VarXML.h
	new file:   grSim/include/VarTypes/gui/VarItem.h
	new file:   grSim/include/VarTypes/gui/VarItemDelegate.h
	new file:   grSim/include/VarTypes/gui/VarTreeModel.h
	new file:   grSim/include/VarTypes/gui/VarTreeView.h
	new file:   grSim/include/VarTypes/gui/VarTreeViewOptions.h
	new file:   grSim/include/VarTypes/primitives/VarBlob.h
	new file:   grSim/include/VarTypes/primitives/VarBool.h
	new file:   grSim/include/VarTypes/primitives/VarBoolVal.h
	new file:   grSim/include/VarTypes/primitives/VarDouble.h
	new file:   grSim/include/VarTypes/primitives/VarDoubleVal.h
	new file:   grSim/include/VarTypes/primitives/VarExternal.h
	new file:   grSim/include/VarTypes/primitives/VarInt.h
	new file:   grSim/include/VarTypes/primitives/VarIntVal.h
	new file:   grSim/include/VarTypes/primitives/VarList.h
	new file:   grSim/include/VarTypes/primitives/VarQWidget.h
	new file:   grSim/include/VarTypes/primitives/VarSelection.h
	new file:   grSim/include/VarTypes/primitives/VarString.h
	new file:   grSim/include/VarTypes/primitives/VarStringEnum.h
	new file:   grSim/include/VarTypes/primitives/VarStringVal.h
	new file:   grSim/include/VarTypes/primitives/VarTrigger.h
	new file:   grSim/include/VarTypes/primitives/VarType.h
	new file:   grSim/include/VarTypes/primitives/VarVal.h
	new file:   grSim/include/VarTypes/ui_timewidget.h
	new file:   grSim/include/VarTypes/xml/xmlParser.h
	new file:   grSim/include/ode/collision.h
	new file:   grSim/include/ode/collision_space.h
	new file:   grSim/include/ode/collision_trimesh.h
	new file:   grSim/include/ode/common.h
	new file:   grSim/include/ode/compatibility.h
	new file:   grSim/include/ode/contact.h
	new file:   grSim/include/ode/error.h
	new file:   grSim/include/ode/export-dif.h
	new file:   grSim/include/ode/mass.h
	new file:   grSim/include/ode/matrix.h
	new file:   grSim/include/ode/memory.h
	new file:   grSim/include/ode/misc.h
	new file:   grSim/include/ode/objects.h
	new file:   grSim/include/ode/ode.h
	new file:   grSim/include/ode/odeconfig.h
	new file:   grSim/include/ode/odecpp.h
	new file:   grSim/include/ode/odecpp_collision.h
	new file:   grSim/include/ode/odeinit.h
	new file:   grSim/include/ode/odemath.h
	new file:   grSim/include/ode/odemath_legacy.h
	new file:   grSim/include/ode/rotation.h
	new file:   grSim/include/ode/timer.h
	new file:   grSim/libs/libVarTypes.a
	new file:   grSim/libs/libode.a
	new file:   grSim/logger.cpp
	new file:   grSim/logger.h
	new file:   grSim/main.cpp
	new file:   grSim/mainwindow.cpp
	new file:   grSim/mainwindow.h
	new file:   grSim/proto/command.pb.cc
	new file:   grSim/proto/command.pb.h
	new file:   grSim/proto/common.pb.cc
	new file:   grSim/proto/common.pb.h
	new file:   grSim/proto/grSim_Commands.pb.cc
	new file:   grSim/proto/grSim_Commands.pb.h
	new file:   grSim/proto/grSim_Packet.pb.cc
	new file:   grSim/proto/grSim_Packet.pb.h
	new file:   grSim/proto/grSim_Replacement.pb.cc
	new file:   grSim/proto/grSim_Replacement.pb.h
	new file:   grSim/proto/messages_robocup_ssl_detection.pb.cc
	new file:   grSim/proto/messages_robocup_ssl_detection.pb.h
	new file:   grSim/proto/messages_robocup_ssl_geometry.pb.cc
	new file:   grSim/proto/messages_robocup_ssl_geometry.pb.h
	new file:   grSim/proto/messages_robocup_ssl_refbox_log.pb.cc
	new file:   grSim/proto/messages_robocup_ssl_refbox_log.pb.h
	new file:   grSim/proto/messages_robocup_ssl_wrapper.pb.cc
	new file:   grSim/proto/messages_robocup_ssl_wrapper.pb.h
	new file:   grSim/proto/netraw.cpp
	new file:   grSim/proto/netraw.h
	new file:   grSim/proto/packet.pb.cc
	new file:   grSim/proto/packet.pb.h
	new file:   grSim/proto/pb/command.proto
	new file:   grSim/proto/pb/common.proto
	new file:   grSim/proto/pb/compile.sh
	new file:   grSim/proto/pb/grSim_Commands.proto
	new file:   grSim/proto/pb/grSim_Packet.proto
	new file:   grSim/proto/pb/grSim_Replacement.proto
	new file:   grSim/proto/pb/messages_robocup_ssl_detection.proto
	new file:   grSim/proto/pb/messages_robocup_ssl_geometry.proto
	new file:   grSim/proto/pb/messages_robocup_ssl_refbox_log.proto
	new file:   grSim/proto/pb/messages_robocup_ssl_wrapper.proto
	new file:   grSim/proto/pb/packet.proto
	new file:   grSim/proto/pb/replacement.proto
	new file:   grSim/proto/pb/sslDebug_Data.proto
	new file:   grSim/proto/replacement.pb.cc
	new file:   grSim/proto/replacement.pb.h
	new file:   grSim/proto/robocup_ssl_client.cpp
	new file:   grSim/proto/robocup_ssl_client.h
	new file:   grSim/proto/robocup_ssl_server.cpp
	new file:   grSim/proto/robocup_ssl_server.h
	new file:   grSim/proto/sslDebug_Data.pb.cc
	new file:   grSim/proto/sslDebug_Data.pb.h
	new file:   grSim/proto/util.h
	new file:   grSim/robot.cpp
	new file:   grSim/robot.h
	new file:   grSim/robotwidget.cpp
	new file:   grSim/robotwidget.h
	new file:   grSim/sslworld.cpp
	new file:   grSim/sslworld.h
	new file:   grSim/statuswidget.cpp
	new file:   grSim/statuswidget.h
	new file:   grSim/textures.qrc
	new file:   robocup-ssl-cam-0-lut-yuv.xml
	new file:   robocup-ssl-cam-1-lut-yuv.xml
	new file:   robocup-ssl-teams.xml
	new file:   robocup-ssl.xml
	new file:   settings.xml
	new file:   setup.sh
	new file:   sslrefbox/Makefile
	new file:   sslrefbox/Makefile.win32
	new file:   sslrefbox/README-LINUX.txt
	new file:   sslrefbox/README-WIN32.txt
	new file:   sslrefbox/attack.diff
	new file:   sslrefbox/client/game_state.h
	new file:   sslrefbox/commands.h
	new file:   sslrefbox/copying
	new file:   sslrefbox/dialog_gameover.cc
	new file:   sslrefbox/dialog_gameover.h
	new file:   sslrefbox/dialog_gameover.o
	new file:   sslrefbox/frame_log.cc
	new file:   sslrefbox/frame_log.h
	new file:   sslrefbox/frame_log.o
	new file:   sslrefbox/gamecontrol.cc
	new file:   sslrefbox/gamecontrol.h
	new file:   sslrefbox/gamecontrol.o
	new file:   sslrefbox/gameinfo.cc
	new file:   sslrefbox/gameinfo.h
	new file:   sslrefbox/gameinfo.o
	new file:   sslrefbox/getopt.cc
	new file:   sslrefbox/getopt.h
	new file:   sslrefbox/globals.h
	new file:   sslrefbox/gui_util.h
	new file:   sslrefbox/keypad.png
	new file:   sslrefbox/keypad.xfig
	new file:   sslrefbox/license
	new file:   sslrefbox/logging.cc
	new file:   sslrefbox/logging.h
	new file:   sslrefbox/logging.o
	new file:   sslrefbox/readme
	new file:   sslrefbox/referee.conf
	new file:   sslrefbox/refereemm.cc
	new file:   sslrefbox/refereemm.h
	new file:   sslrefbox/refereemm.o
	new file:   sslrefbox/serial.cc
	new file:   sslrefbox/serial.h
	new file:   sslrefbox/serial.o
	new file:   sslrefbox/settings.cc
	new file:   sslrefbox/settings.h
	new file:   sslrefbox/settings.o
	new file:   sslrefbox/sound.c
	new file:   sslrefbox/sound.h
	new file:   sslrefbox/sslrefbox
	new file:   sslrefbox/sslrefbox.dev
	new file:   sslrefbox/todo.txt
	new file:   sslrefbox/udp_broadcast.cc
	new file:   sslrefbox/udp_broadcast.h
	new file:   sslrefbox/udp_broadcast.o
	new file:   sslrefbox/unmodified/sslrefbox.desktop
	new file:   sslvision/CMakeLists.txt
	new file:   sslvision/COPYING
	new file:   sslvision/Doxyfile
	new file:   sslvision/Makefile
	new file:   sslvision/README
	new file:   sslvision/bin/.gitignore
	new file:   sslvision/build/.gitignore
	new file:   sslvision/debian/changelog
	new file:   sslvision/debian/compat
	new file:   sslvision/debian/control
	new file:   sslvision/debian/dirs
	new file:   sslvision/debian/docs
	new file:   sslvision/debian/rules
	new file:   sslvision/debian/sslvision.desktop
	new file:   sslvision/doc/.gitignore
	new file:   sslvision/patterns/teams/RFC.png
	new file:   sslvision/patterns/teams/RoboJackets.png
	new file:   sslvision/patterns/teams/austrian_cubes.png
	new file:   sslvision/patterns/teams/austrian_cubes.svg
	new file:   sslvision/patterns/teams/cmdragons.png
	new file:   sslvision/patterns/teams/cmdragons.svg
	new file:   sslvision/patterns/teams/convert.sh
	new file:   sslvision/patterns/teams/kiks.png
	new file:   sslvision/patterns/teams/kiks.svg
	new file:   sslvision/patterns/teams/odens.png
	new file:   sslvision/patterns/teams/odens.svg
	new file:   sslvision/patterns/teams/parsian.png
	new file:   sslvision/patterns/teams/parsian.svg
	new file:   sslvision/patterns/teams/robofei.png
	new file:   sslvision/patterns/teams/robofei.svg
	new file:   sslvision/patterns/teams/skuba.png
	new file:   sslvision/patterns/teams/skuba.svg
	new file:   sslvision/patterns/teams/standard/standard2010_template_all_dimensions.pdf
	new file:   sslvision/patterns/teams/standard/standard2010_template_approx.svg
	new file:   sslvision/patterns/teams/standard/standard2010_template_simple_dimensions.pdf
	new file:   sslvision/patterns/teams/standard/standard_boundary.pdf
	new file:   sslvision/patterns/teams/standard2010.png
	new file:   sslvision/patterns/teams/standard2010.svg
	new file:   sslvision/patterns/teams/zju.png
	new file:   sslvision/patterns/teams/zju.svg
	new file:   sslvision/robocup-ssl-teams.xml
	new file:   sslvision/src/app/capture_thread.cpp
	new file:   sslvision/src/app/capture_thread.h
	new file:   sslvision/src/app/capturestats.h
	new file:   sslvision/src/app/framedata.cpp
	new file:   sslvision/src/app/framedata.h
	new file:   sslvision/src/app/gui/cameracalibwidget.cpp
	new file:   sslvision/src/app/gui/cameracalibwidget.h
	new file:   sslvision/src/app/gui/colorpicker.cpp
	new file:   sslvision/src/app/gui/colorpicker.h
	new file:   sslvision/src/app/gui/glLUTwidget.cpp
	new file:   sslvision/src/app/gui/glLUTwidget.h
	new file:   sslvision/src/app/gui/glwidget.cpp
	new file:   sslvision/src/app/gui/glwidget.h
	new file:   sslvision/src/app/gui/icons/3d.png
	new file:   sslvision/src/app/gui/icons/application-exit.png
	new file:   sslvision/src/app/gui/icons/applix.png
	new file:   sslvision/src/app/gui/icons/arrow-left.png
	new file:   sslvision/src/app/gui/icons/arrow-right.png
	new file:   sslvision/src/app/gui/icons/background.png
	new file:   sslvision/src/app/gui/icons/blockdevice.png
	new file:   sslvision/src/app/gui/icons/camera-test.png
	new file:   sslvision/src/app/gui/icons/camera-unmount.png
	new file:   sslvision/src/app/gui/icons/clear-left.png
	new file:   sslvision/src/app/gui/icons/color-fill.png
	new file:   sslvision/src/app/gui/icons/color-line.png
	new file:   sslvision/src/app/gui/icons/color-picker.png
	new file:   sslvision/src/app/gui/icons/colors.png
	new file:   sslvision/src/app/gui/icons/colorscm.png
	new file:   sslvision/src/app/gui/icons/commandprompt.png
	new file:   sslvision/src/app/gui/icons/configure-shortcuts.png
	new file:   sslvision/src/app/gui/icons/configure.png
	new file:   sslvision/src/app/gui/icons/connect-no.png
	new file:   sslvision/src/app/gui/icons/connection-established.png
	new file:   sslvision/src/app/gui/icons/database.png
	new file:   sslvision/src/app/gui/icons/delete_table_col.png
	new file:   sslvision/src/app/gui/icons/delete_table_row.png
	new file:   sslvision/src/app/gui/icons/dialog-error.png
	new file:   sslvision/src/app/gui/icons/dialog-information.png
	new file:   sslvision/src/app/gui/icons/dialog-warning.png
	new file:   sslvision/src/app/gui/icons/document-new.png
	new file:   sslvision/src/app/gui/icons/document-open.png
	new file:   sslvision/src/app/gui/icons/document-properties.png
	new file:   sslvision/src/app/gui/icons/document-save.png
	new file:   sslvision/src/app/gui/icons/file_temporary.png
	new file:   sslvision/src/app/gui/icons/fileview-column.png
	new file:   sslvision/src/app/gui/icons/fileview-detailed.png
	new file:   sslvision/src/app/gui/icons/fileview-multicolumn.png
	new file:   sslvision/src/app/gui/icons/fileview-text.png
	new file:   sslvision/src/app/gui/icons/folder_blue.png
	new file:   sslvision/src/app/gui/icons/frame-edit.png
	new file:   sslvision/src/app/gui/icons/gettext.png
	new file:   sslvision/src/app/gui/icons/go-first-view.png
	new file:   sslvision/src/app/gui/icons/go-last-view.png
	new file:   sslvision/src/app/gui/icons/go-next-view.png
	new file:   sslvision/src/app/gui/icons/go-next.png
	new file:   sslvision/src/app/gui/icons/go-previous-view.png
	new file:   sslvision/src/app/gui/icons/go-previous.png
	new file:   sslvision/src/app/gui/icons/help-contents.png
	new file:   sslvision/src/app/gui/icons/icons_gui.qrc
	new file:   sslvision/src/app/gui/icons/image2.png
	new file:   sslvision/src/app/gui/icons/images.png
	new file:   sslvision/src/app/gui/icons/kcolorchooser.png
	new file:   sslvision/src/app/gui/icons/kdf.png
	new file:   sslvision/src/app/gui/icons/kllckety.png
	new file:   sslvision/src/app/gui/icons/kmenuedit.png
	new file:   sslvision/src/app/gui/icons/kpovmodeler_doc.png
	new file:   sslvision/src/app/gui/icons/ksame.png
	new file:   sslvision/src/app/gui/icons/list-add.png
	new file:   sslvision/src/app/gui/icons/list-remove.png
	new file:   sslvision/src/app/gui/icons/media-playback-pause.png
	new file:   sslvision/src/app/gui/icons/media-playback-start.png
	new file:   sslvision/src/app/gui/icons/media-playback-stop.png
	new file:   sslvision/src/app/gui/icons/media-record.png
	new file:   sslvision/src/app/gui/icons/media-seek-backward.png
	new file:   sslvision/src/app/gui/icons/media-seek-forward.png
	new file:   sslvision/src/app/gui/icons/media-skip-backward.png
	new file:   sslvision/src/app/gui/icons/media-skip-forward.png
	new file:   sslvision/src/app/gui/icons/no.png
	new file:   sslvision/src/app/gui/icons/no3D.png
	new file:   sslvision/src/app/gui/icons/object-rotate-right.png
	new file:   sslvision/src/app/gui/icons/ok.png
	new file:   sslvision/src/app/gui/icons/package.png
	new file:   sslvision/src/app/gui/icons/redo.png
	new file:   sslvision/src/app/gui/icons/rotate.png
	new file:   sslvision/src/app/gui/icons/source_moc.png
	new file:   sslvision/src/app/gui/icons/tool-animator.png
	new file:   sslvision/src/app/gui/icons/trash-empty.png
	new file:   sslvision/src/app/gui/icons/txt2.png
	new file:   sslvision/src/app/gui/icons/undo.png
	new file:   sslvision/src/app/gui/icons/unknown.png
	new file:   sslvision/src/app/gui/icons/video.png
	new file:   sslvision/src/app/gui/icons/video2.png
	new file:   sslvision/src/app/gui/icons/view-fullscreen.png
	new file:   sslvision/src/app/gui/icons/view-refresh.png
	new file:   sslvision/src/app/gui/icons/webcam.png
	new file:   sslvision/src/app/gui/icons/window-close.png
	new file:   sslvision/src/app/gui/icons/window-new.png
	new file:   sslvision/src/app/gui/icons/xclock.png
	new file:   sslvision/src/app/gui/icons/xedit.png
	new file:   sslvision/src/app/gui/icons/xload.png
	new file:   sslvision/src/app/gui/icons/zoom-best-fit.png
	new file:   sslvision/src/app/gui/icons/zoom-in.png
	new file:   sslvision/src/app/gui/icons/zoom-original.png
	new file:   sslvision/src/app/gui/icons/zoom-out.png
	new file:   sslvision/src/app/gui/jog_dial.cpp
	new file:   sslvision/src/app/gui/jog_dial.h
	new file:   sslvision/src/app/gui/lutwidget.cpp
	new file:   sslvision/src/app/gui/lutwidget.h
	new file:   sslvision/src/app/gui/mainwindow.cpp
	new file:   sslvision/src/app/gui/mainwindow.h
	new file:   sslvision/src/app/gui/mainwindow.ui
	new file:   sslvision/src/app/gui/realtimedisplaywidget.cpp
	new file:   sslvision/src/app/gui/realtimedisplaywidget.h
	new file:   sslvision/src/app/gui/renderoptions.cpp
	new file:   sslvision/src/app/gui/renderoptions.h
	new file:   sslvision/src/app/gui/videowidget.cpp
	new file:   sslvision/src/app/gui/videowidget.h
	new file:   sslvision/src/app/gui/videowidget.ui
	new file:   sslvision/src/app/main.cpp
	new file:   sslvision/src/app/plugins/plugin_cameracalib.cpp
	new file:   sslvision/src/app/plugins/plugin_cameracalib.h
	new file:   sslvision/src/app/plugins/plugin_colorcalib.cpp
	new file:   sslvision/src/app/plugins/plugin_colorcalib.h
	new file:   sslvision/src/app/plugins/plugin_colorthreshold.cpp
	new file:   sslvision/src/app/plugins/plugin_colorthreshold.h
	new file:   sslvision/src/app/plugins/plugin_detect_balls.cpp
	new file:   sslvision/src/app/plugins/plugin_detect_balls.h
	new file:   sslvision/src/app/plugins/plugin_detect_robots.cpp
	new file:   sslvision/src/app/plugins/plugin_detect_robots.h
	new file:   sslvision/src/app/plugins/plugin_dvr.cpp
	new file:   sslvision/src/app/plugins/plugin_dvr.h
	new file:   sslvision/src/app/plugins/plugin_find_blobs.cpp
	new file:   sslvision/src/app/plugins/plugin_find_blobs.h
	new file:   sslvision/src/app/plugins/plugin_publishgeometry.cpp
	new file:   sslvision/src/app/plugins/plugin_publishgeometry.h
	new file:   sslvision/src/app/plugins/plugin_runlength_encode.cpp
	new file:   sslvision/src/app/plugins/plugin_runlength_encode.h
	new file:   sslvision/src/app/plugins/plugin_sslnetworkoutput.cpp
	new file:   sslvision/src/app/plugins/plugin_sslnetworkoutput.h
	new file:   sslvision/src/app/plugins/plugin_visualize.cpp
	new file:   sslvision/src/app/plugins/plugin_visualize.h
	new file:   sslvision/src/app/plugins/visionplugin.cpp
	new file:   sslvision/src/app/plugins/visionplugin.h
	new file:   sslvision/src/app/stacks/multistack_robocup_ssl.cpp
	new file:   sslvision/src/app/stacks/multistack_robocup_ssl.h
	new file:   sslvision/src/app/stacks/multistacks.h
	new file:   sslvision/src/app/stacks/multivisionstack.cpp
	new file:   sslvision/src/app/stacks/multivisionstack.h
	new file:   sslvision/src/app/stacks/stack_robocup_ssl.cpp
	new file:   sslvision/src/app/stacks/stack_robocup_ssl.h
	new file:   sslvision/src/app/stacks/stacks.h
	new file:   sslvision/src/app/stacks/visionstack.cpp
	new file:   sslvision/src/app/stacks/visionstack.h
	new file:   sslvision/src/app/videostats.h
	new file:   sslvision/src/client/main.cpp
	new file:   sslvision/src/graphicalClient/gltext.cpp
	new file:   sslvision/src/graphicalClient/gltext.h
	new file:   sslvision/src/graphicalClient/main.cpp
	new file:   sslvision/src/graphicalClient/soccerview.cpp
	new file:   sslvision/src/graphicalClient/soccerview.h
	new file:   sslvision/src/logClient/CentralWindow.cpp
	new file:   sslvision/src/logClient/CentralWindow.h
	new file:   sslvision/src/logClient/ClientThreading.cpp
	new file:   sslvision/src/logClient/ClientThreading.h
	new file:   sslvision/src/logClient/GraphicsPrimitives.cpp
	new file:   sslvision/src/logClient/GraphicsPrimitives.h
	new file:   sslvision/src/logClient/LogControl.cpp
	new file:   sslvision/src/logClient/LogControl.h
	new file:   sslvision/src/logClient/main.cpp
	new file:   sslvision/src/shared/CMakeLists.txt.inc
	new file:   sslvision/src/shared/capture/capture_generator.cpp
	new file:   sslvision/src/shared/capture/capture_generator.h
	new file:   sslvision/src/shared/capture/capturedc1394v2.cpp
	new file:   sslvision/src/shared/capture/capturedc1394v2.h
	new file:   sslvision/src/shared/capture/capturefromfile.cpp
	new file:   sslvision/src/shared/capture/capturefromfile.h
	new file:   sslvision/src/shared/capture/captureinterface.cpp
	new file:   sslvision/src/shared/capture/captureinterface.h
	new file:   sslvision/src/shared/cmpattern/cmpattern_pattern.cpp
	new file:   sslvision/src/shared/cmpattern/cmpattern_pattern.h
	new file:   sslvision/src/shared/cmpattern/cmpattern_team.cpp
	new file:   sslvision/src/shared/cmpattern/cmpattern_team.h
	new file:   sslvision/src/shared/cmpattern/cmpattern_teamdetector.cpp
	new file:   sslvision/src/shared/cmpattern/cmpattern_teamdetector.h
	new file:   sslvision/src/shared/cmvision/cmvision_histogram.cpp
	new file:   sslvision/src/shared/cmvision/cmvision_histogram.h
	new file:   sslvision/src/shared/cmvision/cmvision_region.cpp
	new file:   sslvision/src/shared/cmvision/cmvision_region.h
	new file:   sslvision/src/shared/cmvision/cmvision_threshold.cpp
	new file:   sslvision/src/shared/cmvision/cmvision_threshold.h
	new file:   sslvision/src/shared/gl/glcamera.cpp
	new file:   sslvision/src/shared/gl/glcamera.h
	new file:   sslvision/src/shared/gl/globject.cpp
	new file:   sslvision/src/shared/gl/globject.h
	new file:   sslvision/src/shared/net/netraw.cpp
	new file:   sslvision/src/shared/net/netraw.h
	new file:   sslvision/src/shared/net/robocup_ssl_client.cpp
	new file:   sslvision/src/shared/net/robocup_ssl_client.h
	new file:   sslvision/src/shared/net/robocup_ssl_server.cpp
	new file:   sslvision/src/shared/net/robocup_ssl_server.h
	new file:   sslvision/src/shared/proto/compile.sh
	new file:   sslvision/src/shared/proto/cpp/.gitignore
	new file:   sslvision/src/shared/proto/messages_robocup_ssl_detection.proto
	new file:   sslvision/src/shared/proto/messages_robocup_ssl_geometry.proto
	new file:   sslvision/src/shared/proto/messages_robocup_ssl_refbox_log.proto
	new file:   sslvision/src/shared/proto/messages_robocup_ssl_wrapper.proto
	new file:   sslvision/src/shared/util/affinity_manager.cpp
	new file:   sslvision/src/shared/util/affinity_manager.h
	new file:   sslvision/src/shared/util/bbox.h
	new file:   sslvision/src/shared/util/bitflags.h
	new file:   sslvision/src/shared/util/camera_calibration.cpp
	new file:   sslvision/src/shared/util/camera_calibration.h
	new file:   sslvision/src/shared/util/colors.h
	new file:   sslvision/src/shared/util/conversions.cpp
	new file:   sslvision/src/shared/util/conversions.h
	new file:   sslvision/src/shared/util/field.h
	new file:   sslvision/src/shared/util/field_default_constants.h
	new file:   sslvision/src/shared/util/field_filter.h
	new file:   sslvision/src/shared/util/font.h
	new file:   sslvision/src/shared/util/framecounter.h
	new file:   sslvision/src/shared/util/framelimiter.cpp
	new file:   sslvision/src/shared/util/framelimiter.h
	new file:   sslvision/src/shared/util/geomalgo.h
	new file:   sslvision/src/shared/util/geometry.h
	new file:   sslvision/src/shared/util/global_random.cpp
	new file:   sslvision/src/shared/util/global_random.h
	new file:   sslvision/src/shared/util/gvector.h
	new file:   sslvision/src/shared/util/image.cpp
	new file:   sslvision/src/shared/util/image.h
	new file:   sslvision/src/shared/util/image_interface.h
	new file:   sslvision/src/shared/util/image_io.cpp
	new file:   sslvision/src/shared/util/image_io.h
	new file:   sslvision/src/shared/util/lut3d.cpp
	new file:   sslvision/src/shared/util/lut3d.h
	new file:   sslvision/src/shared/util/nkdtree.h
	new file:   sslvision/src/shared/util/nvector.h
	new file:   sslvision/src/shared/util/pixelloc.h
	new file:   sslvision/src/shared/util/pose.h
	new file:   sslvision/src/shared/util/qgetopt.cpp
	new file:   sslvision/src/shared/util/qgetopt.h
	new file:   sslvision/src/shared/util/quaternion.h
	new file:   sslvision/src/shared/util/random.cpp
	new file:   sslvision/src/shared/util/random.h
	new file:   sslvision/src/shared/util/range.h
	new file:   sslvision/src/shared/util/rawimage.cpp
	new file:   sslvision/src/shared/util/rawimage.h
	new file:   sslvision/src/shared/util/ringbuffer.cpp
	new file:   sslvision/src/shared/util/ringbuffer.h
	new file:   sslvision/src/shared/util/sobel.h
	new file:   sslvision/src/shared/util/texture.cpp
	new file:   sslvision/src/shared/util/texture.h
	new file:   sslvision/src/shared/util/timer.h
	new file:   sslvision/src/shared/util/util.h
	new file:   sslvision/src/shared/util/vis_util.h
	new file:   sslvision/src/shared/util/zoom.h
	new file:   sslvision/src/shared/vartypes/VarBase64.cpp
	new file:   sslvision/src/shared/vartypes/VarBase64.h
	new file:   sslvision/src/shared/vartypes/VarNotifier.cpp
	new file:   sslvision/src/shared/vartypes/VarNotifier.h
	new file:   sslvision/src/shared/vartypes/VarTypes.cpp
	new file:   sslvision/src/shared/vartypes/VarTypes.h
	new file:   sslvision/src/shared/vartypes/VarTypesFactory.cpp
	new file:   sslvision/src/shared/vartypes/VarTypesFactory.h
	new file:   sslvision/src/shared/vartypes/VarTypesInstance.cpp
	new file:   sslvision/src/shared/vartypes/VarTypesInstance.h
	new file:   sslvision/src/shared/vartypes/VarXML.cpp
	new file:   sslvision/src/shared/vartypes/VarXML.h
	new file:   sslvision/src/shared/vartypes/enhanced/TimeLine.cpp
	new file:   sslvision/src/shared/vartypes/enhanced/TimeLine.h
	new file:   sslvision/src/shared/vartypes/enhanced/TimeVar.cpp
	new file:   sslvision/src/shared/vartypes/enhanced/TimeVar.h
	new file:   sslvision/src/shared/vartypes/gui/VarItem.cpp
	new file:   sslvision/src/shared/vartypes/gui/VarItem.h
	new file:   sslvision/src/shared/vartypes/gui/VarItemDelegate.cpp
	new file:   sslvision/src/shared/vartypes/gui/VarItemDelegate.h
	new file:   sslvision/src/shared/vartypes/gui/VarTreeModel.cpp
	new file:   sslvision/src/shared/vartypes/gui/VarTreeModel.h
	new file:   sslvision/src/shared/vartypes/gui/VarTreeView.cpp
	new file:   sslvision/src/shared/vartypes/gui/VarTreeView.h
	new file:   sslvision/src/shared/vartypes/gui/VarTreeViewOptions.cpp
	new file:   sslvision/src/shared/vartypes/gui/VarTreeViewOptions.h
	new file:   sslvision/src/shared/vartypes/gui/experimental/GraphScene.cpp
	new file:   sslvision/src/shared/vartypes/gui/experimental/GraphScene.h
	new file:   sslvision/src/shared/vartypes/gui/experimental/TimeControlWidget.cpp
	new file:   sslvision/src/shared/vartypes/gui/experimental/TimeControlWidget.h
	new file:   sslvision/src/shared/vartypes/gui/experimental/TimeGraphContainer.cpp
	new file:   sslvision/src/shared/vartypes/gui/experimental/TimeGraphContainer.h
	new file:   sslvision/src/shared/vartypes/gui/experimental/ValueVis.cpp
	new file:   sslvision/src/shared/vartypes/gui/experimental/ValueVis.h
	new file:   sslvision/src/shared/vartypes/gui/experimental/VisContainer.cpp
	new file:   sslvision/src/shared/vartypes/gui/experimental/VisContainer.h
	new file:   sslvision/src/shared/vartypes/gui/experimental/timewidget.ui
	new file:   sslvision/src/shared/vartypes/gui/icons/external.png
	new file:   sslvision/src/shared/vartypes/gui/icons/icons.qrc
	new file:   sslvision/src/shared/vartypes/gui/icons/list.png
	new file:   sslvision/src/shared/vartypes/gui/icons/node.png
	new file:   sslvision/src/shared/vartypes/gui/icons/time.png
	new file:   sslvision/src/shared/vartypes/primitives/VarBlob.cpp
	new file:   sslvision/src/shared/vartypes/primitives/VarBlob.h
	new file:   sslvision/src/shared/vartypes/primitives/VarBool.cpp
	new file:   sslvision/src/shared/vartypes/primitives/VarBool.h
	new file:   sslvision/src/shared/vartypes/primitives/VarBoolVal.cpp
	new file:   sslvision/src/shared/vartypes/primitives/VarBoolVal.h
	new file:   sslvision/src/shared/vartypes/primitives/VarDouble.cpp
	new file:   sslvision/src/shared/vartypes/primitives/VarDouble.h
	new file:   sslvision/src/shared/vartypes/primitives/VarDoubleVal.cpp
	new file:   sslvision/src/shared/vartypes/primitives/VarDoubleVal.h
	new file:   sslvision/src/shared/vartypes/primitives/VarExternal.cpp
	new file:   sslvision/src/shared/vartypes/primitives/VarExternal.h
	new file:   sslvision/src/shared/vartypes/primitives/VarInt.cpp
	new file:   sslvision/src/shared/vartypes/primitives/VarInt.h
	new file:   sslvision/src/shared/vartypes/primitives/VarIntVal.cpp
	new file:   sslvision/src/shared/vartypes/primitives/VarIntVal.h
	new file:   sslvision/src/shared/vartypes/primitives/VarList.cpp
	new file:   sslvision/src/shared/vartypes/primitives/VarList.h
	new file:   sslvision/src/shared/vartypes/primitives/VarProtoBuffer.cpp
	new file:   sslvision/src/shared/vartypes/primitives/VarProtoBuffer.h
	new file:   sslvision/src/shared/vartypes/primitives/VarProtoBufferVal.cpp
	new file:   sslvision/src/shared/vartypes/primitives/VarProtoBufferVal.h
	new file:   sslvision/src/shared/vartypes/primitives/VarQWidget.cpp
	new file:   sslvision/src/shared/vartypes/primitives/VarQWidget.h
	new file:   sslvision/src/shared/vartypes/primitives/VarSelection.cpp
	new file:   sslvision/src/shared/vartypes/primitives/VarSelection.h
	new file:   sslvision/src/shared/vartypes/primitives/VarString.cpp
	new file:   sslvision/src/shared/vartypes/primitives/VarString.h
	new file:   sslvision/src/shared/vartypes/primitives/VarStringEnum.cpp
	new file:   sslvision/src/shared/vartypes/primitives/VarStringEnum.h
	new file:   sslvision/src/shared/vartypes/primitives/VarStringVal.cpp
	new file:   sslvision/src/shared/vartypes/primitives/VarStringVal.h
	new file:   sslvision/src/shared/vartypes/primitives/VarTrigger.cpp
	new file:   sslvision/src/shared/vartypes/primitives/VarTrigger.h
	new file:   sslvision/src/shared/vartypes/primitives/VarType.cpp
	new file:   sslvision/src/shared/vartypes/primitives/VarType.h
	new file:   sslvision/src/shared/vartypes/primitives/VarVal.cpp
	new file:   sslvision/src/shared/vartypes/primitives/VarVal.h
	new file:   sslvision/src/shared/vartypes/xml/xmlParser.cpp
	new file:   sslvision/src/shared/vartypes/xml/xmlParser.h
	new file:   sslvision/sslvision.kdevelop
	new file:   sslvision/sslvision.kdevelop.filelist
	new file:   sslvision/templates/cpp
	new file:   sslvision/templates/h
	new file:   strategy-gui/Makefile
	new file:   strategy-gui/addrinfolist.cc
	new file:   strategy-gui/addrinfolist.h
	new file:   strategy-gui/command-packet.pb.cc
	new file:   strategy-gui/command-packet.pb.h
	new file:   strategy-gui/command-packet.proto
	new file:   strategy-gui/exception.cc
	new file:   strategy-gui/exception.h
	new file:   strategy-gui/logger.cc
	new file:   strategy-gui/logger.h
	new file:   strategy-gui/main.cpp
	new file:   strategy-gui/mainwindow.cpp
	new file:   strategy-gui/mainwindow.h
	new file:   strategy-gui/mainwindow.ui
	new file:   strategy-gui/moc_mainwindow.cpp
	new file:   strategy-gui/noncopyable.h
	new file:   strategy-gui/publisher.cpp
	new file:   strategy-gui/publisher.h
	new file:   strategy-gui/socket.cc
	new file:   strategy-gui/socket.h
	new file:   strategy-gui/strategy-gui
	new file:   strategy-gui/strategy-gui.pro
	new file:   strategy-gui/udpbroadcast.cc
	new file:   strategy-gui/udpbroadcast.h
	new file:   strategy-gui/ui_mainwindow.h
	new file:   strategy-gui/whatever.txt
	new file:   test/main.cpp
	new file:   test/serial.cpp
	new file:   test/serial.h
	new file:   test/test.mk

Untracked files:
  (use "git add <file>..." to include in what will be committed)
	git.log

