Performing C SOURCE FILE Test CMAKE_HAVE_LIBC_PTHREAD failed with the following output:
Change Dir: /home/chinmay/KRSSG_ALL/kgpkubs-southkorea/common/dlib/build/CMakeFiles/CMakeTmp

Run Build Command(s):/usr/bin/make cmTC_8559e/fast && /usr/bin/make  -f CMakeFiles/cmTC_8559e.dir/build.make CMakeFiles/cmTC_8559e.dir/build
make[1]: Entering directory '/home/chinmay/KRSSG_ALL/kgpkubs-southkorea/common/dlib/build/CMakeFiles/CMakeTmp'
Building C object CMakeFiles/cmTC_8559e.dir/src.c.o
/usr/bin/cc -DCMAKE_HAVE_LIBC_PTHREAD   -o CMakeFiles/cmTC_8559e.dir/src.c.o -c /home/chinmay/KRSSG_ALL/kgpkubs-southkorea/common/dlib/build/CMakeFiles/CMakeTmp/src.c
Linking C executable cmTC_8559e
/home/chinmay/.local/bin/cmake -E cmake_link_script CMakeFiles/cmTC_8559e.dir/link.txt --verbose=1
/usr/bin/cc CMakeFiles/cmTC_8559e.dir/src.c.o -o cmTC_8559e 
/usr/bin/ld: CMakeFiles/cmTC_8559e.dir/src.c.o: in function `main':
src.c:(.text+0x46): undefined reference to `pthread_create'
/usr/bin/ld: src.c:(.text+0x52): undefined reference to `pthread_detach'
/usr/bin/ld: src.c:(.text+0x5e): undefined reference to `pthread_cancel'
/usr/bin/ld: src.c:(.text+0x6f): undefined reference to `pthread_join'
collect2: error: ld returned 1 exit status
make[1]: *** [CMakeFiles/cmTC_8559e.dir/build.make:106: cmTC_8559e] Error 1
make[1]: Leaving directory '/home/chinmay/KRSSG_ALL/kgpkubs-southkorea/common/dlib/build/CMakeFiles/CMakeTmp'
make: *** [Makefile:140: cmTC_8559e/fast] Error 2


Source file was:
#include <pthread.h>

static void* test_func(void* data)
{
  return data;
}

int main(void)
{
  pthread_t thread;
  pthread_create(&thread, NULL, test_func, NULL);
  pthread_detach(thread);
  pthread_cancel(thread);
  pthread_join(thread, NULL);
  pthread_atfork(NULL, NULL, NULL);
  pthread_exit(NULL);

  return 0;
}

Determining if the function pthread_create exists in the pthreads failed with the following output:
Change Dir: /home/chinmay/KRSSG_ALL/kgpkubs-southkorea/common/dlib/build/CMakeFiles/CMakeTmp

Run Build Command(s):/usr/bin/make cmTC_82ddf/fast && /usr/bin/make  -f CMakeFiles/cmTC_82ddf.dir/build.make CMakeFiles/cmTC_82ddf.dir/build
make[1]: Entering directory '/home/chinmay/KRSSG_ALL/kgpkubs-southkorea/common/dlib/build/CMakeFiles/CMakeTmp'
Building C object CMakeFiles/cmTC_82ddf.dir/CheckFunctionExists.c.o
/usr/bin/cc   -DCHECK_FUNCTION_EXISTS=pthread_create -o CMakeFiles/cmTC_82ddf.dir/CheckFunctionExists.c.o -c /home/chinmay/.local/share/cmake-3.19/Modules/CheckFunctionExists.c
Linking C executable cmTC_82ddf
/home/chinmay/.local/bin/cmake -E cmake_link_script CMakeFiles/cmTC_82ddf.dir/link.txt --verbose=1
/usr/bin/cc  -DCHECK_FUNCTION_EXISTS=pthread_create CMakeFiles/cmTC_82ddf.dir/CheckFunctionExists.c.o -o cmTC_82ddf  -lpthreads 
/usr/bin/ld: cannot find -lpthreads
collect2: error: ld returned 1 exit status
make[1]: *** [CMakeFiles/cmTC_82ddf.dir/build.make:106: cmTC_82ddf] Error 1
make[1]: Leaving directory '/home/chinmay/KRSSG_ALL/kgpkubs-southkorea/common/dlib/build/CMakeFiles/CMakeTmp'
make: *** [Makefile:140: cmTC_82ddf/fast] Error 2



Determining if the function cblas_ddot exists failed with the following output:
Change Dir: /home/chinmay/KRSSG_ALL/kgpkubs-southkorea/common/dlib/build/CMakeFiles/CMakeTmp

Run Build Command(s):/usr/bin/make cmTC_b965d/fast && /usr/bin/make  -f CMakeFiles/cmTC_b965d.dir/build.make CMakeFiles/cmTC_b965d.dir/build
make[1]: Entering directory '/home/chinmay/KRSSG_ALL/kgpkubs-southkorea/common/dlib/build/CMakeFiles/CMakeTmp'
Building C object CMakeFiles/cmTC_b965d.dir/CheckFunctionExists.c.o
/usr/bin/cc   -DCHECK_FUNCTION_EXISTS=cblas_ddot -o CMakeFiles/cmTC_b965d.dir/CheckFunctionExists.c.o -c /home/chinmay/.local/share/cmake-3.19/Modules/CheckFunctionExists.c
Linking C executable cmTC_b965d
/home/chinmay/.local/bin/cmake -E cmake_link_script CMakeFiles/cmTC_b965d.dir/link.txt --verbose=1
/usr/bin/cc  -DCHECK_FUNCTION_EXISTS=cblas_ddot CMakeFiles/cmTC_b965d.dir/CheckFunctionExists.c.o -o cmTC_b965d 
/usr/bin/ld: CMakeFiles/cmTC_b965d.dir/CheckFunctionExists.c.o: in function `main':
CheckFunctionExists.c:(.text+0x14): undefined reference to `cblas_ddot'
collect2: error: ld returned 1 exit status
make[1]: *** [CMakeFiles/cmTC_b965d.dir/build.make:106: cmTC_b965d] Error 1
make[1]: Leaving directory '/home/chinmay/KRSSG_ALL/kgpkubs-southkorea/common/dlib/build/CMakeFiles/CMakeTmp'
make: *** [Makefile:140: cmTC_b965d/fast] Error 2



Determining if the function sgesv exists failed with the following output:
Change Dir: /home/chinmay/KRSSG_ALL/kgpkubs-southkorea/common/dlib/build/CMakeFiles/CMakeTmp

Run Build Command(s):/usr/bin/make cmTC_aa071/fast && /usr/bin/make  -f CMakeFiles/cmTC_aa071.dir/build.make CMakeFiles/cmTC_aa071.dir/build
make[1]: Entering directory '/home/chinmay/KRSSG_ALL/kgpkubs-southkorea/common/dlib/build/CMakeFiles/CMakeTmp'
Building C object CMakeFiles/cmTC_aa071.dir/CheckFunctionExists.c.o
/usr/bin/cc   -DCHECK_FUNCTION_EXISTS=sgesv -o CMakeFiles/cmTC_aa071.dir/CheckFunctionExists.c.o -c /home/chinmay/.local/share/cmake-3.19/Modules/CheckFunctionExists.c
Linking C executable cmTC_aa071
/home/chinmay/.local/bin/cmake -E cmake_link_script CMakeFiles/cmTC_aa071.dir/link.txt --verbose=1
/usr/bin/cc  -DCHECK_FUNCTION_EXISTS=sgesv CMakeFiles/cmTC_aa071.dir/CheckFunctionExists.c.o -o cmTC_aa071  /usr/lib/x86_64-linux-gnu/liblapack.so 
/usr/bin/ld: CMakeFiles/cmTC_aa071.dir/CheckFunctionExists.c.o: in function `main':
CheckFunctionExists.c:(.text+0x14): undefined reference to `sgesv'
collect2: error: ld returned 1 exit status
make[1]: *** [CMakeFiles/cmTC_aa071.dir/build.make:107: cmTC_aa071] Error 1
make[1]: Leaving directory '/home/chinmay/KRSSG_ALL/kgpkubs-southkorea/common/dlib/build/CMakeFiles/CMakeTmp'
make: *** [Makefile:140: cmTC_aa071/fast] Error 2



